<?xml version="1.0" encoding="UTF-8" ?>
<testsuite tests="2" failures="1" name="ro.utcluj.validator.UserValidatorTest" time="0.018" errors="0" skipped="0">
  <properties>
[...]
</properties>
  <testcase classname="ro.utcluj.validator.UserValidatorTest" name="ro.utcluj.validator.UserValidatorTest.testUserIsNull" time="0.018">
    <failure message="expected: &lt;User cannot be null&gt; but was: &lt;User object cannot be null&gt;" type="org.opentest4j.AssertionFailedError">org.opentest4j.AssertionFailedError: expected: &lt;User cannot be null&gt; but was: &lt;User object cannot be null&gt;
	at org.junit.jupiter.api.AssertionUtils.fail(AssertionUtils.java:55)
	at org.junit.jupiter.api.AssertionUtils.failNotEqual(AssertionUtils.java:62)
	at org.junit.jupiter.api.AssertEquals.assertEquals(AssertEquals.java:182)
	at org.junit.jupiter.api.AssertEquals.assertEquals(AssertEquals.java:177)
	at org.junit.jupiter.api.Assertions.assertEquals(Assertions.java:1141)
	at ro.utcluj.validator.UserValidatorTest.testUserIsNull(UserValidatorTest.java:16)
</failure>
  </testcase>
  <testcase classname="ro.utcluj.validator.UserValidatorTest" name="ro.utcluj.validator.UserValidatorTest.testUserNonNullReturnsTrue" time="0"/>
</testsuite>